Symlinking /home/sjh/jason_ws/jasonackerman/devel/share/bluesea2/cmake/bluesea2Config-version.cmake
Symlinking /home/sjh/jason_ws/jasonackerman/devel/share/bluesea2/cmake/bluesea2-msg-paths.cmake
Symlinking /home/sjh/jason_ws/jasonackerman/devel/share/bluesea2/cmake/bluesea2-msg-extras.cmake
Symlinking /home/sjh/jason_ws/jasonackerman/devel/share/bluesea2/cmake/bluesea2Config.cmake
Symlinking /home/sjh/jason_ws/jasonackerman/devel/share/roseus/ros/bluesea2/manifest.l
Symlinking /home/sjh/jason_ws/jasonackerman/devel/share/roseus/ros/bluesea2/srv/Control.l
Symlinking /home/sjh/jason_ws/jasonackerman/devel/share/gennodejs/ros/bluesea2/_index.js
Symlinking /home/sjh/jason_ws/jasonackerman/devel/share/gennodejs/ros/bluesea2/srv/_index.js
Symlinking /home/sjh/jason_ws/jasonackerman/devel/share/gennodejs/ros/bluesea2/srv/Control.js
Symlinking /home/sjh/jason_ws/jasonackerman/devel/share/common-lisp/ros/bluesea2/srv/_package.lisp
Symlinking /home/sjh/jason_ws/jasonackerman/devel/share/common-lisp/ros/bluesea2/srv/Control.lisp
Symlinking /home/sjh/jason_ws/jasonackerman/devel/share/common-lisp/ros/bluesea2/srv/_package_Control.lisp
Symlinking /home/sjh/jason_ws/jasonackerman/devel/share/common-lisp/ros/bluesea2/srv/bluesea2-srv.asd
Symlinking /home/sjh/jason_ws/jasonackerman/devel/include/bluesea2/Control.h
Symlinking /home/sjh/jason_ws/jasonackerman/devel/include/bluesea2/ControlRequest.h
Symlinking /home/sjh/jason_ws/jasonackerman/devel/include/bluesea2/ControlResponse.h
Symlinking /home/sjh/jason_ws/jasonackerman/devel/lib/bluesea2/bluesea2_node
Symlinking /home/sjh/jason_ws/jasonackerman/devel/lib/bluesea2/bluesea2_client
Symlinking /home/sjh/jason_ws/jasonackerman/devel/lib/bluesea2/bluesea2_heart_check
Symlinking /home/sjh/jason_ws/jasonackerman/devel/lib/pkgconfig/bluesea2.pc
Symlinking /home/sjh/jason_ws/jasonackerman/devel/lib/python3/dist-packages/bluesea2/__init__.py
Symlinking /home/sjh/jason_ws/jasonackerman/devel/lib/python3/dist-packages/bluesea2/srv/_Control.py
Symlinking /home/sjh/jason_ws/jasonackerman/devel/lib/python3/dist-packages/bluesea2/srv/__init__.py
